<?xml version="1.0" encoding="UTF-8"?>
<testsuite name="PastryTest" tests="1" skipped="0" failures="0" errors="0" timestamp="2021-05-22T14:13:47" hostname="AYB" time="0.128">
  <properties/>
  <testcase name="strategy()" classname="PastryTest" time="0.128"/>
  <system-out><![CDATA[New Observer 1
?[33m1
?[33mStock Croissant: []
?[33mStock Bread: [Bread 1]
?[33mStock Cookie:[]
?[33mBakery wallet has -0,70
?[33m1
?[33mStock Croissant: []
?[33mStock Bread: []
?[33mStock Cookie:[]
?[33mBakery wallet has 1,10
Miam miam!
Crunch crunch!
Miam miam!
]]></system-out>
  <system-err><![CDATA[]]></system-err>
</testsuite>
