<?xml version="1.0" encoding="UTF-8"?>
<testsuite name="PastryTest" tests="1" skipped="0" failures="0" errors="0" timestamp="2021-05-21T15:50:53" hostname="DESKTOP-3IPGO8N" time="0.039">
  <properties/>
  <testcase name="sellPastry()" classname="PastryTest" time="0.039"/>
  <system-out><![CDATA[New Observer 1
1
Stock Croissant: [Croissant 1, Croissant 2, Croissant 3, Croissant 4, Croissant 5, Croissant 6, Croissant 7, Croissant 8, Croissant 9]
Stock Bread: []
Stock Cookie:[]
Bakery wallet has -1.35
1
Stock Croissant: [Croissant 1, Croissant 2, Croissant 3, Croissant 4, Croissant 5, Croissant 6, Croissant 7, Croissant 8, Croissant 9]
Stock Bread: [Bread 1, Bread 2, Bread 3, Bread 4, Bread 5]
Stock Cookie:[]
Bakery wallet has -4.85
1
Stock Croissant: [Croissant 1, Croissant 2, Croissant 3, Croissant 4, Croissant 5, Croissant 6, Croissant 7, Croissant 8, Croissant 9]
Stock Bread: [Bread 1, Bread 2, Bread 3, Bread 4, Bread 5]
Stock Cookie:[Cookie 1, Cookie 2, Cookie 3, Cookie 4, Cookie 5, Cookie 6, Cookie 7, Cookie 8, Cookie 9, Cookie 10]
Bakery wallet has -6.85
1
Stock Croissant: [Croissant 6, Croissant 7, Croissant 8, Croissant 9]
Stock Bread: [Bread 1, Bread 2, Bread 3, Bread 4, Bread 5]
Stock Cookie:[Cookie 1, Cookie 2, Cookie 3, Cookie 4, Cookie 5, Cookie 6, Cookie 7, Cookie 8, Cookie 9, Cookie 10]
Bakery wallet has -2.35
1
Stock Croissant: [Croissant 6, Croissant 7, Croissant 8, Croissant 9]
Stock Bread: [Bread 5]
Stock Cookie:[Cookie 1, Cookie 2, Cookie 3, Cookie 4, Cookie 5, Cookie 6, Cookie 7, Cookie 8, Cookie 9, Cookie 10]
Bakery wallet has 4.85
1
Stock Croissant: [Croissant 6, Croissant 7, Croissant 8, Croissant 9]
Stock Bread: [Bread 5]
Stock Cookie:[Cookie 9, Cookie 10]
Bakery wallet has 14.45
Dirk has 3.70 in his wallet
]]></system-out>
  <system-err><![CDATA[]]></system-err>
</testsuite>
