<?xml version="1.0" encoding="UTF-8"?>
<testsuite name="PastryTest" tests="1" skipped="0" failures="0" errors="0" timestamp="2021-05-23T19:17:55" hostname="DESKTOP-3IPGO8N" time="0.017">
  <properties/>
  <testcase name="givenPastry_WhenChangingPastryBehavior_ThenBehaviorIsChanged()" classname="PastryTest" time="0.017"/>
  <system-out><![CDATA[New Observer 1
Miam miam!
Crunch crunch!
Miam miam!
Crunch crunch!
]]></system-out>
  <system-err><![CDATA[]]></system-err>
</testsuite>
